cycle 0
$00: 0x00000000
$01: 0x00000000
$02: 0x00000000
$03: 0x00000000
$04: 0x00000000
$05: 0x00000000
$06: 0x00000000
$07: 0x00000000
$08: 0x00000000
$09: 0x00000000
$10: 0x00000000
$11: 0x00000000
$12: 0x00000000
$13: 0x00000000
$14: 0x00000000
$15: 0x00000000
$16: 0x00000000
$17: 0x00000000
$18: 0x00000000
$19: 0x00000000
$20: 0x00000000
$21: 0x00000000
$22: 0x00000000
$23: 0x00000000
$24: 0x00000000
$25: 0x00000000
$26: 0x00000000
$27: 0x00000000
$28: 0x00000000
$29: 0x00000000
$30: 0x00000000
$31: 0x00000000
HI: 0x00000000
LO: 0x00000000
PC: 0x00000000


cycle 1
PC: 0x4


cycle 2
PC: 0x8


cycle 3
PC: 0xc


cycle 4
PC: 0x10


cycle 5
PC: 0x14


cycle 6
PC: 0x18


cycle 7
PC: 0x1c


cycle 8
PC: 0x20


cycle 9
PC: 0x24


cycle a
PC: 0x28


cycle b
PC: 0x2c


cycle c
PC: 0x30


cycle d
PC: 0x34


cycle e
PC: 0x38


cycle f
PC: 0x3c


cycle 10
PC: 0x40


cycle 11
PC: 0x44


cycle 12
PC: 0x48


cycle 13
PC: 0x4c


cycle 14
PC: 0x50


cycle 15
PC: 0x54


cycle 16
PC: 0x58


cycle 17
PC: 0x5c


cycle 18
PC: 0x60


cycle 19
PC: 0x64


cycle 1a
PC: 0x68


cycle 1b
PC: 0x6c


cycle 1c
PC: 0x70


cycle 1d
PC: 0x74


cycle 1e
PC: 0x78


cycle 1f
PC: 0x7c


cycle 20
PC: 0x80


cycle 21
PC: 0x84


cycle 22
PC: 0x88


cycle 23
PC: 0x8c


cycle 24
PC: 0x90


cycle 25
PC: 0x94


cycle 26
PC: 0x98


cycle 27
PC: 0x9c


cycle 28
PC: 0xa0


cycle 29
PC: 0xa4


cycle 2a
PC: 0xa8


cycle 2b
PC: 0xac


cycle 2c
PC: 0xb0


cycle 2d
PC: 0xb4


cycle 2e
PC: 0xb8


cycle 2f
PC: 0xbc


cycle 30
PC: 0xc0


cycle 31
PC: 0xc4


cycle 32
PC: 0xc8


cycle 33
PC: 0xcc


cycle 34
PC: 0xd0


cycle 35
PC: 0xd4


cycle 36
PC: 0xd8


cycle 37
PC: 0xdc


cycle 38
PC: 0xe0


cycle 39
PC: 0xe4


cycle 3a
PC: 0xe8


cycle 3b
PC: 0xec


cycle 3c
PC: 0xf0


cycle 3d
PC: 0xf4


cycle 3e
PC: 0xf8


cycle 3f
PC: 0xfc


cycle 40
PC: 0x100


cycle 41
PC: 0x104


cycle 42
PC: 0x108


cycle 43
PC: 0x10c


cycle 44
PC: 0x110


cycle 45
PC: 0x114


cycle 46
PC: 0x118


cycle 47
PC: 0x11c


cycle 48
PC: 0x120


cycle 49
PC: 0x124


cycle 4a
PC: 0x128


cycle 4b
PC: 0x12c


cycle 4c
PC: 0x130


cycle 4d
PC: 0x134


cycle 4e
PC: 0x138


cycle 4f
PC: 0x13c


cycle 50
PC: 0x140


cycle 51
PC: 0x144


cycle 52
PC: 0x148


cycle 53
PC: 0x14c


cycle 54
PC: 0x150


cycle 55
PC: 0x154


cycle 56
PC: 0x158


cycle 57
PC: 0x15c


cycle 58
PC: 0x160


cycle 59
PC: 0x164


cycle 5a
PC: 0x168


cycle 5b
PC: 0x16c


cycle 5c
PC: 0x170


cycle 5d
PC: 0x174


cycle 5e
PC: 0x178


cycle 5f
PC: 0x17c


cycle 60
PC: 0x180


cycle 61
PC: 0x184


cycle 62
PC: 0x188


cycle 63
PC: 0x18c


cycle 64
PC: 0x190


cycle 65
PC: 0x194


cycle 66
PC: 0x198


cycle 67
PC: 0x19c


cycle 68
PC: 0x1a0


cycle 69
PC: 0x1a4


cycle 6a
PC: 0x1a8


cycle 6b
PC: 0x1ac


cycle 6c
PC: 0x1b0


cycle 6d
PC: 0x1b4


cycle 6e
PC: 0x1b8


cycle 6f
PC: 0x1bc


cycle 70
PC: 0x1c0


cycle 71
PC: 0x1c4


cycle 72
PC: 0x1c8


cycle 73
PC: 0x1cc


cycle 74
PC: 0x1d0


cycle 75
PC: 0x1d4


cycle 76
PC: 0x1d8


cycle 77
PC: 0x1dc


cycle 78
PC: 0x1e0


cycle 79
PC: 0x1e4


cycle 7a
PC: 0x1e8


cycle 7b
PC: 0x1ec


cycle 7c
PC: 0x1f0


cycle 7d
PC: 0x1f4


cycle 7e
PC: 0x1f8


cycle 7f
PC: 0x1fc


cycle 80
PC: 0x200


cycle 81
PC: 0x204


cycle 82
PC: 0x208


cycle 83
PC: 0x20c


cycle 84
PC: 0x210


cycle 85
PC: 0x214


cycle 86
PC: 0x218


cycle 87
PC: 0x21c


cycle 88
PC: 0x220


cycle 89
PC: 0x224


cycle 8a
PC: 0x228


cycle 8b
PC: 0x22c


cycle 8c
PC: 0x230


cycle 8d
PC: 0x234


cycle 8e
PC: 0x238


cycle 8f
PC: 0x23c


cycle 90
PC: 0x240


cycle 91
PC: 0x244


cycle 92
PC: 0x248


cycle 93
PC: 0x24c


cycle 94
PC: 0x250


cycle 95
PC: 0x254


cycle 96
PC: 0x258


cycle 97
PC: 0x25c


cycle 98
PC: 0x260


cycle 99
PC: 0x264


cycle 9a
PC: 0x268


cycle 9b
PC: 0x26c


cycle 9c
PC: 0x270


cycle 9d
PC: 0x274


cycle 9e
PC: 0x278


cycle 9f
PC: 0x27c


cycle a0
PC: 0x280


cycle a1
PC: 0x284


cycle a2
PC: 0x288


cycle a3
PC: 0x28c


cycle a4
PC: 0x290


cycle a5
PC: 0x294


cycle a6
PC: 0x298


cycle a7
PC: 0x29c


cycle a8
PC: 0x2a0


cycle a9
PC: 0x2a4


cycle aa
PC: 0x2a8


cycle ab
PC: 0x2ac


cycle ac
PC: 0x2b0


cycle ad
PC: 0x2b4


cycle ae
PC: 0x2b8


cycle af
PC: 0x2bc


cycle b0
PC: 0x2c0


cycle b1
PC: 0x2c4


cycle b2
PC: 0x2c8


cycle b3
PC: 0x2cc


cycle b4
PC: 0x2d0


cycle b5
PC: 0x2d4


cycle b6
PC: 0x2d8


cycle b7
PC: 0x2dc


cycle b8
PC: 0x2e0


cycle b9
PC: 0x2e4


cycle ba
PC: 0x2e8


cycle bb
PC: 0x2ec


cycle bc
PC: 0x2f0


cycle bd
PC: 0x2f4


cycle be
PC: 0x2f8


cycle bf
PC: 0x2fc


cycle c0
PC: 0x300


cycle c1
PC: 0x304


cycle c2
PC: 0x308


cycle c3
PC: 0x30c


cycle c4
PC: 0x310


cycle c5
PC: 0x314


cycle c6
PC: 0x318


cycle c7
PC: 0x31c


cycle c8
PC: 0x320


cycle c9
PC: 0x324


cycle ca
PC: 0x328


cycle cb
PC: 0x32c


cycle cc
PC: 0x330


cycle cd
PC: 0x334


cycle ce
PC: 0x338


cycle cf
PC: 0x33c


cycle d0
PC: 0x340


cycle d1
PC: 0x344


cycle d2
PC: 0x348


cycle d3
PC: 0x34c


cycle d4
PC: 0x350


cycle d5
PC: 0x354


cycle d6
PC: 0x358


cycle d7
PC: 0x35c


cycle d8
PC: 0x360


cycle d9
PC: 0x364


cycle da
PC: 0x368


cycle db
PC: 0x36c


cycle dc
PC: 0x370


cycle dd
PC: 0x374


cycle de
PC: 0x378


cycle df
PC: 0x37c


cycle e0
PC: 0x380


cycle e1
PC: 0x384


cycle e2
PC: 0x388


cycle e3
PC: 0x38c


cycle e4
PC: 0x390


cycle e5
PC: 0x394


cycle e6
PC: 0x398


cycle e7
PC: 0x39c


cycle e8
PC: 0x3a0


cycle e9
PC: 0x3a4


cycle ea
PC: 0x3a8


cycle eb
PC: 0x3ac


cycle ec
PC: 0x3b0


cycle ed
PC: 0x3b4


cycle ee
PC: 0x3b8


cycle ef
PC: 0x3bc


cycle f0
PC: 0x3c0


cycle f1
PC: 0x3c4


cycle f2
PC: 0x3c8


cycle f3
PC: 0x3cc


cycle f4
PC: 0x3d0


cycle f5
PC: 0x3d4


cycle f6
PC: 0x3d8


cycle f7
PC: 0x3dc


cycle f8
PC: 0x3e0


cycle f9
PC: 0x3e4


cycle fa
PC: 0x3e8


cycle fb
PC: 0x3ec


cycle fc
PC: 0x3f0


cycle fd
PC: 0x3f4


cycle fe
PC: 0x3f8


cycle ff
PC: 0x3fc


cycle 100
PC: 0x400


cycle 101
PC: 0x404


cycle 102
PC: 0x408


cycle 103
PC: 0x40c


cycle 104
PC: 0x410


cycle 105
PC: 0x414


cycle 106
PC: 0x418


cycle 107
PC: 0x41c


cycle 108
PC: 0x420


cycle 109
PC: 0x424


cycle 10a
PC: 0x428


cycle 10b
PC: 0x42c


cycle 10c
PC: 0x430


cycle 10d
PC: 0x434


cycle 10e
PC: 0x438


cycle 10f
PC: 0x43c


cycle 110
PC: 0x440


cycle 111
PC: 0x444


cycle 112
PC: 0x448


cycle 113
PC: 0x44c


cycle 114
PC: 0x450


cycle 115
PC: 0x454


cycle 116
PC: 0x458


cycle 117
PC: 0x45c


cycle 118
PC: 0x460


cycle 119
PC: 0x464


cycle 11a
PC: 0x468


cycle 11b
PC: 0x46c


cycle 11c
PC: 0x470


cycle 11d
PC: 0x474


cycle 11e
PC: 0x478


cycle 11f
PC: 0x47c


cycle 120
PC: 0x480


cycle 121
PC: 0x484


cycle 122
PC: 0x488


cycle 123
PC: 0x48c


cycle 124
PC: 0x490


cycle 125
PC: 0x494


cycle 126
PC: 0x498


cycle 127
PC: 0x49c


cycle 128
PC: 0x4a0


cycle 129
PC: 0x4a4


cycle 12a
PC: 0x4a8


cycle 12b
PC: 0x4ac


cycle 12c
PC: 0x4b0


cycle 12d
PC: 0x4b4


cycle 12e
PC: 0x4b8


cycle 12f
PC: 0x4bc


cycle 130
PC: 0x4c0


cycle 131
PC: 0x4c4


cycle 132
PC: 0x4c8


cycle 133
PC: 0x4cc


cycle 134
PC: 0x4d0


cycle 135
PC: 0x4d4


cycle 136
PC: 0x4d8


cycle 137
PC: 0x4dc


cycle 138
PC: 0x4e0


cycle 139
PC: 0x4e4


cycle 13a
PC: 0x4e8


cycle 13b
PC: 0x4ec


cycle 13c
PC: 0x4f0


cycle 13d
PC: 0x4f4


cycle 13e
PC: 0x4f8


cycle 13f
PC: 0x4fc


cycle 140
PC: 0x500


cycle 141
PC: 0x504


cycle 142
PC: 0x508


cycle 143
PC: 0x50c


cycle 144
PC: 0x510


cycle 145
PC: 0x514


cycle 146
PC: 0x518


cycle 147
PC: 0x51c


cycle 148
PC: 0x520


cycle 149
PC: 0x524


cycle 14a
PC: 0x528


cycle 14b
PC: 0x52c


cycle 14c
PC: 0x530


cycle 14d
PC: 0x534


cycle 14e
PC: 0x538


cycle 14f
PC: 0x53c


cycle 150
PC: 0x540


cycle 151
PC: 0x544


cycle 152
PC: 0x548


cycle 153
PC: 0x54c


cycle 154
PC: 0x550


cycle 155
PC: 0x554


cycle 156
PC: 0x558


cycle 157
PC: 0x55c


cycle 158
PC: 0x560


cycle 159
PC: 0x564


cycle 15a
PC: 0x568


cycle 15b
PC: 0x56c


cycle 15c
PC: 0x570


cycle 15d
PC: 0x574


cycle 15e
PC: 0x578


cycle 15f
PC: 0x57c


cycle 160
PC: 0x580


cycle 161
PC: 0x584


cycle 162
PC: 0x588


cycle 163
PC: 0x58c


cycle 164
PC: 0x590


cycle 165
PC: 0x594


cycle 166
PC: 0x598


cycle 167
PC: 0x59c


cycle 168
PC: 0x5a0


cycle 169
PC: 0x5a4


cycle 16a
PC: 0x5a8


cycle 16b
PC: 0x5ac


cycle 16c
PC: 0x5b0


cycle 16d
PC: 0x5b4


cycle 16e
PC: 0x5b8


cycle 16f
PC: 0x5bc


cycle 170
PC: 0x5c0


cycle 171
PC: 0x5c4


cycle 172
PC: 0x5c8


cycle 173
PC: 0x5cc


cycle 174
PC: 0x5d0


cycle 175
PC: 0x5d4


cycle 176
PC: 0x5d8


cycle 177
PC: 0x5dc


cycle 178
PC: 0x5e0


cycle 179
PC: 0x5e4


cycle 17a
PC: 0x5e8


cycle 17b
PC: 0x5ec


cycle 17c
PC: 0x5f0


cycle 17d
PC: 0x5f4


cycle 17e
PC: 0x5f8


cycle 17f
PC: 0x5fc


cycle 180
PC: 0x600


cycle 181
PC: 0x604


cycle 182
PC: 0x608


cycle 183
PC: 0x60c


cycle 184
PC: 0x610


cycle 185
PC: 0x614


cycle 186
PC: 0x618


cycle 187
PC: 0x61c


cycle 188
PC: 0x620


cycle 189
PC: 0x624


cycle 18a
PC: 0x628


cycle 18b
PC: 0x62c


cycle 18c
PC: 0x630


cycle 18d
PC: 0x634


cycle 18e
PC: 0x638


cycle 18f
PC: 0x63c


cycle 190
PC: 0x640


cycle 191
PC: 0x644


cycle 192
PC: 0x648


cycle 193
PC: 0x64c


cycle 194
PC: 0x650


cycle 195
PC: 0x654


cycle 196
PC: 0x658


cycle 197
PC: 0x65c


cycle 198
PC: 0x660


cycle 199
PC: 0x664


cycle 19a
PC: 0x668


cycle 19b
PC: 0x66c


cycle 19c
PC: 0x670


cycle 19d
PC: 0x674


cycle 19e
PC: 0x678


cycle 19f
PC: 0x67c


cycle 1a0
PC: 0x680


cycle 1a1
PC: 0x684


cycle 1a2
PC: 0x688


cycle 1a3
PC: 0x68c


cycle 1a4
PC: 0x690


cycle 1a5
PC: 0x694


cycle 1a6
PC: 0x698


cycle 1a7
PC: 0x69c


cycle 1a8
PC: 0x6a0


cycle 1a9
PC: 0x6a4


cycle 1aa
PC: 0x6a8


cycle 1ab
PC: 0x6ac


cycle 1ac
PC: 0x6b0


cycle 1ad
PC: 0x6b4


cycle 1ae
PC: 0x6b8


cycle 1af
PC: 0x6bc


cycle 1b0
PC: 0x6c0


cycle 1b1
PC: 0x6c4


cycle 1b2
PC: 0x6c8


cycle 1b3
PC: 0x6cc


cycle 1b4
PC: 0x6d0


cycle 1b5
PC: 0x6d4


cycle 1b6
PC: 0x6d8


cycle 1b7
PC: 0x6dc


cycle 1b8
PC: 0x6e0


cycle 1b9
PC: 0x6e4


cycle 1ba
PC: 0x6e8


cycle 1bb
PC: 0x6ec


cycle 1bc
PC: 0x6f0


cycle 1bd
PC: 0x6f4


cycle 1be
PC: 0x6f8


cycle 1bf
PC: 0x6fc


cycle 1c0
PC: 0x700


cycle 1c1
PC: 0x704


cycle 1c2
PC: 0x708


cycle 1c3
PC: 0x70c


cycle 1c4
PC: 0x710


cycle 1c5
PC: 0x714


cycle 1c6
PC: 0x718


cycle 1c7
PC: 0x71c


cycle 1c8
PC: 0x720


cycle 1c9
PC: 0x724


cycle 1ca
PC: 0x728


cycle 1cb
PC: 0x72c


cycle 1cc
PC: 0x730


cycle 1cd
PC: 0x734


cycle 1ce
PC: 0x738


cycle 1cf
PC: 0x73c


cycle 1d0
PC: 0x740


cycle 1d1
PC: 0x744


cycle 1d2
PC: 0x748


cycle 1d3
PC: 0x74c


cycle 1d4
PC: 0x750


cycle 1d5
PC: 0x754


cycle 1d6
PC: 0x758


cycle 1d7
PC: 0x75c


cycle 1d8
PC: 0x760


cycle 1d9
PC: 0x764


cycle 1da
PC: 0x768


cycle 1db
PC: 0x76c


cycle 1dc
PC: 0x770


cycle 1dd
PC: 0x774


cycle 1de
PC: 0x778


cycle 1df
PC: 0x77c


cycle 1e0
PC: 0x780


cycle 1e1
PC: 0x784


cycle 1e2
PC: 0x788


cycle 1e3
PC: 0x78c


cycle 1e4
PC: 0x790


cycle 1e5
PC: 0x794


cycle 1e6
PC: 0x798


cycle 1e7
PC: 0x79c


cycle 1e8
PC: 0x7a0


cycle 1e9
PC: 0x7a4


cycle 1ea
PC: 0x7a8


cycle 1eb
PC: 0x7ac


cycle 1ec
PC: 0x7b0


cycle 1ed
PC: 0x7b4


cycle 1ee
PC: 0x7b8


cycle 1ef
PC: 0x7bc


cycle 1f0
PC: 0x7c0


cycle 1f1
PC: 0x7c4


cycle 1f2
PC: 0x7c8


cycle 1f3
PC: 0x7cc


cycle 1f4
PC: 0x7d0


cycle 1f5
PC: 0x7d4


cycle 1f6
PC: 0x7d8


cycle 1f7
PC: 0x7dc


cycle 1f8
PC: 0x7e0


cycle 1f9
PC: 0x7e4


cycle 1fa
PC: 0x7e8


cycle 1fb
PC: 0x7ec


cycle 1fc
PC: 0x7f0


cycle 1fd
PC: 0x7f4


cycle 1fe
PC: 0x7f8


cycle 1ff
PC: 0x7fc


cycle 200
PC: 0x800


cycle 201
PC: 0x804


cycle 202
PC: 0x808


cycle 203
PC: 0x80c


cycle 204
PC: 0x810


cycle 205
PC: 0x814


cycle 206
PC: 0x818


cycle 207
PC: 0x81c


cycle 208
PC: 0x820


cycle 209
PC: 0x824


cycle 20a
PC: 0x828


cycle 20b
PC: 0x82c


cycle 20c
PC: 0x830


cycle 20d
PC: 0x834


cycle 20e
PC: 0x838


cycle 20f
PC: 0x83c


cycle 210
PC: 0x840


cycle 211
PC: 0x844


cycle 212
PC: 0x848


cycle 213
PC: 0x84c


cycle 214
PC: 0x850


cycle 215
PC: 0x854


cycle 216
PC: 0x858


cycle 217
PC: 0x85c


cycle 218
PC: 0x860


cycle 219
PC: 0x864


cycle 21a
PC: 0x868


cycle 21b
PC: 0x86c


cycle 21c
PC: 0x870


cycle 21d
PC: 0x874


cycle 21e
PC: 0x878


cycle 21f
PC: 0x87c


cycle 220
PC: 0x880


cycle 221
PC: 0x884


cycle 222
PC: 0x888


cycle 223
PC: 0x88c


cycle 224
PC: 0x890


cycle 225
PC: 0x894


cycle 226
PC: 0x898


cycle 227
PC: 0x89c


cycle 228
PC: 0x8a0


cycle 229
PC: 0x8a4


cycle 22a
PC: 0x8a8


cycle 22b
PC: 0x8ac


cycle 22c
PC: 0x8b0


cycle 22d
PC: 0x8b4


cycle 22e
PC: 0x8b8


cycle 22f
PC: 0x8bc


cycle 230
PC: 0x8c0


cycle 231
PC: 0x8c4


cycle 232
PC: 0x8c8


cycle 233
PC: 0x8cc


cycle 234
PC: 0x8d0


cycle 235
PC: 0x8d4


cycle 236
PC: 0x8d8


cycle 237
PC: 0x8dc


cycle 238
PC: 0x8e0


cycle 239
PC: 0x8e4


cycle 23a
PC: 0x8e8


cycle 23b
PC: 0x8ec


cycle 23c
PC: 0x8f0


cycle 23d
PC: 0x8f4


cycle 23e
PC: 0x8f8


cycle 23f
PC: 0x8fc


cycle 240
PC: 0x900


cycle 241
PC: 0x904


cycle 242
PC: 0x908


cycle 243
PC: 0x90c


cycle 244
PC: 0x910


cycle 245
PC: 0x914


cycle 246
PC: 0x918


cycle 247
PC: 0x91c


cycle 248
PC: 0x920


cycle 249
PC: 0x924


cycle 24a
PC: 0x928


cycle 24b
PC: 0x92c


cycle 24c
PC: 0x930


cycle 24d
PC: 0x934


cycle 24e
PC: 0x938


cycle 24f
PC: 0x93c


cycle 250
PC: 0x940


cycle 251
PC: 0x944


cycle 252
PC: 0x948


cycle 253
PC: 0x94c


cycle 254
PC: 0x950


cycle 255
PC: 0x954


cycle 256
PC: 0x958


cycle 257
PC: 0x95c


cycle 258
PC: 0x960


cycle 259
PC: 0x964


cycle 25a
PC: 0x968


cycle 25b
PC: 0x96c


cycle 25c
PC: 0x970


cycle 25d
PC: 0x974


cycle 25e
PC: 0x978


cycle 25f
PC: 0x97c


cycle 260
PC: 0x980


cycle 261
PC: 0x984


cycle 262
PC: 0x988


cycle 263
PC: 0x98c


cycle 264
PC: 0x990


cycle 265
PC: 0x994


cycle 266
PC: 0x998


cycle 267
PC: 0x99c


cycle 268
PC: 0x9a0


cycle 269
PC: 0x9a4


cycle 26a
PC: 0x9a8


cycle 26b
PC: 0x9ac


cycle 26c
PC: 0x9b0


cycle 26d
PC: 0x9b4


cycle 26e
PC: 0x9b8


cycle 26f
PC: 0x9bc


cycle 270
PC: 0x9c0


cycle 271
PC: 0x9c4


cycle 272
PC: 0x9c8


cycle 273
PC: 0x9cc


cycle 274
PC: 0x9d0


cycle 275
PC: 0x9d4


cycle 276
PC: 0x9d8


cycle 277
PC: 0x9dc


cycle 278
PC: 0x9e0


cycle 279
PC: 0x9e4


cycle 27a
PC: 0x9e8


cycle 27b
PC: 0x9ec


cycle 27c
PC: 0x9f0


cycle 27d
PC: 0x9f4


cycle 27e
PC: 0x9f8


cycle 27f
PC: 0x9fc


cycle 280
PC: 0xa00


cycle 281
PC: 0xa04


cycle 282
PC: 0xa08


cycle 283
PC: 0xa0c


cycle 284
PC: 0xa10


cycle 285
PC: 0xa14


cycle 286
PC: 0xa18


cycle 287
PC: 0xa1c


cycle 288
PC: 0xa20


cycle 289
PC: 0xa24


cycle 28a
PC: 0xa28


cycle 28b
PC: 0xa2c


cycle 28c
PC: 0xa30


cycle 28d
PC: 0xa34


cycle 28e
PC: 0xa38


cycle 28f
PC: 0xa3c


cycle 290
PC: 0xa40


cycle 291
PC: 0xa44


cycle 292
PC: 0xa48


cycle 293
PC: 0xa4c


cycle 294
PC: 0xa50


cycle 295
PC: 0xa54


cycle 296
PC: 0xa58


cycle 297
PC: 0xa5c


cycle 298
PC: 0xa60


cycle 299
PC: 0xa64


cycle 29a
PC: 0xa68


cycle 29b
PC: 0xa6c


cycle 29c
PC: 0xa70


cycle 29d
PC: 0xa74


cycle 29e
PC: 0xa78


cycle 29f
PC: 0xa7c


cycle 2a0
PC: 0xa80


cycle 2a1
PC: 0xa84


cycle 2a2
PC: 0xa88


cycle 2a3
PC: 0xa8c


cycle 2a4
PC: 0xa90


cycle 2a5
PC: 0xa94


cycle 2a6
PC: 0xa98


cycle 2a7
PC: 0xa9c


cycle 2a8
PC: 0xaa0


cycle 2a9
PC: 0xaa4


cycle 2aa
PC: 0xaa8


cycle 2ab
PC: 0xaac


cycle 2ac
PC: 0xab0


cycle 2ad
PC: 0xab4


cycle 2ae
PC: 0xab8


cycle 2af
PC: 0xabc


cycle 2b0
PC: 0xac0


cycle 2b1
PC: 0xac4


cycle 2b2
PC: 0xac8


cycle 2b3
PC: 0xacc


cycle 2b4
PC: 0xad0


cycle 2b5
PC: 0xad4


cycle 2b6
PC: 0xad8


cycle 2b7
PC: 0xadc


cycle 2b8
PC: 0xae0


cycle 2b9
PC: 0xae4


cycle 2ba
PC: 0xae8


cycle 2bb
PC: 0xaec


cycle 2bc
PC: 0xaf0


cycle 2bd
PC: 0xaf4


cycle 2be
PC: 0xaf8


cycle 2bf
PC: 0xafc


cycle 2c0
PC: 0xb00


cycle 2c1
PC: 0xb04


cycle 2c2
PC: 0xb08


cycle 2c3
PC: 0xb0c


cycle 2c4
PC: 0xb10


cycle 2c5
PC: 0xb14


cycle 2c6
PC: 0xb18


cycle 2c7
PC: 0xb1c


cycle 2c8
PC: 0xb20


cycle 2c9
PC: 0xb24


cycle 2ca
PC: 0xb28


cycle 2cb
PC: 0xb2c


cycle 2cc
PC: 0xb30


cycle 2cd
PC: 0xb34


cycle 2ce
PC: 0xb38


cycle 2cf
PC: 0xb3c


cycle 2d0
PC: 0xb40


cycle 2d1
PC: 0xb44


cycle 2d2
PC: 0xb48


cycle 2d3
PC: 0xb4c


cycle 2d4
PC: 0xb50


cycle 2d5
PC: 0xb54


cycle 2d6
PC: 0xb58


cycle 2d7
PC: 0xb5c


cycle 2d8
PC: 0xb60


cycle 2d9
PC: 0xb64


cycle 2da
PC: 0xb68


cycle 2db
PC: 0xb6c


cycle 2dc
PC: 0xb70


cycle 2dd
PC: 0xb74


cycle 2de
PC: 0xb78


cycle 2df
PC: 0xb7c


cycle 2e0
PC: 0xb80


cycle 2e1
PC: 0xb84


cycle 2e2
PC: 0xb88


cycle 2e3
PC: 0xb8c


cycle 2e4
PC: 0xb90


cycle 2e5
PC: 0xb94


cycle 2e6
PC: 0xb98


cycle 2e7
PC: 0xb9c


cycle 2e8
PC: 0xba0


cycle 2e9
PC: 0xba4


cycle 2ea
PC: 0xba8


cycle 2eb
PC: 0xbac


cycle 2ec
PC: 0xbb0


cycle 2ed
PC: 0xbb4


cycle 2ee
PC: 0xbb8


cycle 2ef
PC: 0xbbc


cycle 2f0
PC: 0xbc0


cycle 2f1
PC: 0xbc4


cycle 2f2
PC: 0xbc8


cycle 2f3
PC: 0xbcc


cycle 2f4
PC: 0xbd0


cycle 2f5
PC: 0xbd4


cycle 2f6
PC: 0xbd8


cycle 2f7
PC: 0xbdc


cycle 2f8
PC: 0xbe0


cycle 2f9
PC: 0xbe4


cycle 2fa
PC: 0xbe8


cycle 2fb
PC: 0xbec


cycle 2fc
PC: 0xbf0


cycle 2fd
PC: 0xbf4


cycle 2fe
PC: 0xbf8


cycle 2ff
PC: 0xbfc


cycle 300
PC: 0xc00


cycle 301
PC: 0xc04


cycle 302
PC: 0xc08


cycle 303
PC: 0xc0c


cycle 304
PC: 0xc10


cycle 305
PC: 0xc14


cycle 306
PC: 0xc18


cycle 307
PC: 0xc1c


cycle 308
PC: 0xc20


cycle 309
PC: 0xc24


cycle 30a
PC: 0xc28


cycle 30b
PC: 0xc2c


cycle 30c
PC: 0xc30


cycle 30d
PC: 0xc34


cycle 30e
PC: 0xc38
